[debug] [2021-08-26T16:31:36.762Z] ----------------------------------------------------------------------
[debug] [2021-08-26T16:31:36.764Z] Command:       /usr/bin/node /usr/local/bin/firebase deploy
[debug] [2021-08-26T16:31:36.764Z] CLI Version:   9.16.5
[debug] [2021-08-26T16:31:36.764Z] Platform:      linux
[debug] [2021-08-26T16:31:36.764Z] Node Version:  v10.19.0
[debug] [2021-08-26T16:31:36.764Z] Time:          Thu Aug 26 2021 22:01:36 GMT+0530 (India Standard Time)
[debug] [2021-08-26T16:31:36.764Z] ----------------------------------------------------------------------
[debug] 
[debug] [2021-08-26T16:31:36.818Z] > command requires scopes: ["email","openid","https://www.googleapis.com/auth/cloudplatformprojects.readonly","https://www.googleapis.com/auth/firebase","https://www.googleapis.com/auth/cloud-platform"]
[debug] [2021-08-26T16:31:36.818Z] > authorizing via signed-in user (rutuspatil923@gmail.com)
[debug] [2021-08-26T16:31:36.818Z] [iam] checking project to-do-544a7 for permissions ["firebase.projects.get","firebasehosting.sites.update"]
[debug] [2021-08-26T16:31:36.820Z] > refreshing access token with scopes: ["email","https://www.googleapis.com/auth/cloud-platform","https://www.googleapis.com/auth/cloudplatformprojects.readonly","https://www.googleapis.com/auth/firebase","openid"]
[debug] [2021-08-26T16:31:36.820Z] >>> HTTP REQUEST POST https://www.googleapis.com/oauth2/v3/token  
 <request body omitted>
[debug] [2021-08-26T16:31:39.978Z] <<< HTTP RESPONSE 200 {"date":"Thu, 26 Aug 2021 16:31:39 GMT","cache-control":"no-cache, no-store, max-age=0, must-revalidate","expires":"Mon, 01 Jan 1990 00:00:00 GMT","pragma":"no-cache","content-type":"application/json; charset=utf-8","vary":"X-Origin, Referer, Origin,Accept-Encoding","server":"scaffolding on HTTPServer2","x-xss-protection":"0","x-frame-options":"SAMEORIGIN","x-content-type-options":"nosniff","alt-svc":"h3=\":443\"; ma=2592000,h3-29=\":443\"; ma=2592000,h3-T051=\":443\"; ma=2592000,h3-Q050=\":443\"; ma=2592000,h3-Q046=\":443\"; ma=2592000,h3-Q043=\":443\"; ma=2592000,quic=\":443\"; ma=2592000; v=\"46,43\"","accept-ranges":"none","transfer-encoding":"chunked"}
[debug] [2021-08-26T16:31:40.059Z] >>> HTTP REQUEST POST https://cloudresourcemanager.googleapis.com/v1/projects/to-do-544a7:testIamPermissions  
 {"permissions":["firebase.projects.get","firebasehosting.sites.update"]}
[debug] [2021-08-26T16:31:43.443Z] <<< HTTP RESPONSE 200 {"content-type":"application/json; charset=UTF-8","vary":"X-Origin, Referer, Origin,Accept-Encoding","date":"Thu, 26 Aug 2021 16:31:42 GMT","server":"ESF","cache-control":"private","x-xss-protection":"0","x-frame-options":"SAMEORIGIN","x-content-type-options":"nosniff","server-timing":"gfet4t7; dur=1311","alt-svc":"h3=\":443\"; ma=2592000,h3-29=\":443\"; ma=2592000,h3-T051=\":443\"; ma=2592000,h3-Q050=\":443\"; ma=2592000,h3-Q046=\":443\"; ma=2592000,h3-Q043=\":443\"; ma=2592000,quic=\":443\"; ma=2592000; v=\"46,43\"","accept-ranges":"none","transfer-encoding":"chunked"}
[debug] [2021-08-26T16:31:43.448Z] > refreshing access token with scopes: []
[debug] [2021-08-26T16:31:43.448Z] >>> HTTP REQUEST POST https://www.googleapis.com/oauth2/v3/token  
 <request body omitted>
[debug] [2021-08-26T16:31:47.942Z] <<< HTTP RESPONSE 200 {"pragma":"no-cache","expires":"Mon, 01 Jan 1990 00:00:00 GMT","cache-control":"no-cache, no-store, max-age=0, must-revalidate","date":"Thu, 26 Aug 2021 16:31:47 GMT","content-type":"application/json; charset=utf-8","vary":"X-Origin, Referer, Origin,Accept-Encoding","server":"scaffolding on HTTPServer2","x-xss-protection":"0","x-frame-options":"SAMEORIGIN","x-content-type-options":"nosniff","alt-svc":"h3=\":443\"; ma=2592000,h3-29=\":443\"; ma=2592000,h3-T051=\":443\"; ma=2592000,h3-Q050=\":443\"; ma=2592000,h3-Q046=\":443\"; ma=2592000,h3-Q043=\":443\"; ma=2592000,quic=\":443\"; ma=2592000; v=\"46,43\"","accept-ranges":"none","transfer-encoding":"chunked"}
[debug] [2021-08-26T16:31:48.101Z] >>> [apiv2][query] GET https://firebase.googleapis.com/v1beta1/projects/to-do-544a7 [none]
[debug] [2021-08-26T16:31:53.274Z] <<< [apiv2][status] GET https://firebase.googleapis.com/v1beta1/projects/to-do-544a7 200
[debug] [2021-08-26T16:31:53.275Z] <<< [apiv2][body] GET https://firebase.googleapis.com/v1beta1/projects/to-do-544a7 {"projectId":"to-do-544a7","projectNumber":"85307334380","displayName":"to-do","name":"projects/to-do-544a7","resources":{"hostingSite":"to-do-544a7","storageBucket":"to-do-544a7.appspot.com","locationId":"us-central"},"state":"ACTIVE"}
[info] 
[info] === Deploying to 'to-do-544a7'...
[info] 
[info] i  deploying hosting 
[debug] [2021-08-26T16:31:53.281Z] > refreshing access token with scopes: ["email","https://www.googleapis.com/auth/cloud-platform","https://www.googleapis.com/auth/cloudplatformprojects.readonly","https://www.googleapis.com/auth/firebase","openid"]
[debug] [2021-08-26T16:31:53.281Z] >>> HTTP REQUEST POST https://www.googleapis.com/oauth2/v3/token  
 <request body omitted>
[debug] [2021-08-26T16:31:54.898Z] <<< HTTP RESPONSE 200 {"pragma":"no-cache","cache-control":"no-cache, no-store, max-age=0, must-revalidate","expires":"Mon, 01 Jan 1990 00:00:00 GMT","date":"Thu, 26 Aug 2021 16:31:54 GMT","content-type":"application/json; charset=utf-8","vary":"X-Origin, Referer, Origin,Accept-Encoding","server":"scaffolding on HTTPServer2","x-xss-protection":"0","x-frame-options":"SAMEORIGIN","x-content-type-options":"nosniff","alt-svc":"h3=\":443\"; ma=2592000,h3-29=\":443\"; ma=2592000,h3-T051=\":443\"; ma=2592000,h3-Q050=\":443\"; ma=2592000,h3-Q046=\":443\"; ma=2592000,h3-Q043=\":443\"; ma=2592000,quic=\":443\"; ma=2592000; v=\"46,43\"","accept-ranges":"none","transfer-encoding":"chunked"}
[debug] [2021-08-26T16:31:54.976Z] >>> HTTP REQUEST POST https://firebasehosting.googleapis.com/v1beta1/sites/to-do-544a7/versions  
 {"config":{"rewrites":[{"glob":"**","path":"/index.html"}]},"labels":{"deployment-tool":"cli-firebase"}}
[debug] [2021-08-26T16:32:00.012Z] <<< HTTP RESPONSE 200 {"content-type":"application/json; charset=UTF-8","vary":"X-Origin, Referer, Origin,Accept-Encoding","date":"Thu, 26 Aug 2021 16:31:59 GMT","server":"ESF","cache-control":"private","x-xss-protection":"0","x-frame-options":"SAMEORIGIN","x-content-type-options":"nosniff","alt-svc":"h3=\":443\"; ma=2592000,h3-29=\":443\"; ma=2592000,h3-T051=\":443\"; ma=2592000,h3-Q050=\":443\"; ma=2592000,h3-Q046=\":443\"; ma=2592000,h3-Q043=\":443\"; ma=2592000,quic=\":443\"; ma=2592000; v=\"46,43\"","accept-ranges":"none","transfer-encoding":"chunked"}
[info] i  hosting[to-do-544a7]: beginning deploy... 
[info] i  hosting[to-do-544a7]: found 18 files in build 
[debug] [2021-08-26T16:32:00.037Z] > refreshing access token with scopes: []
[debug] [2021-08-26T16:32:00.037Z] >>> HTTP REQUEST POST https://www.googleapis.com/oauth2/v3/token  
 <request body omitted>
[debug] [2021-08-26T16:32:00.039Z] [hosting] hash cache [YnVpbGQ] stored for 18 files
[debug] [2021-08-26T16:32:00.039Z] [hosting][hash queue][FINAL] {"max":3,"min":1,"avg":1,"active":0,"complete":18,"success":18,"errored":0,"retried":0,"total":18,"elapsed":7}
[debug] [2021-08-26T16:32:01.854Z] <<< HTTP RESPONSE 200 {"pragma":"no-cache","expires":"Mon, 01 Jan 1990 00:00:00 GMT","date":"Thu, 26 Aug 2021 16:32:01 GMT","cache-control":"no-cache, no-store, max-age=0, must-revalidate","content-type":"application/json; charset=utf-8","vary":"X-Origin, Referer, Origin,Accept-Encoding","server":"scaffolding on HTTPServer2","x-xss-protection":"0","x-frame-options":"SAMEORIGIN","x-content-type-options":"nosniff","alt-svc":"h3=\":443\"; ma=2592000,h3-29=\":443\"; ma=2592000,h3-T051=\":443\"; ma=2592000,h3-Q050=\":443\"; ma=2592000,h3-Q046=\":443\"; ma=2592000,h3-Q043=\":443\"; ma=2592000,quic=\":443\"; ma=2592000; v=\"46,43\"","accept-ranges":"none","transfer-encoding":"chunked"}
[debug] [2021-08-26T16:32:02.464Z] >>> [apiv2][query] POST https://firebasehosting.googleapis.com/v1beta1/sites/to-do-544a7/versions/4724df182daadc0f:populateFiles [none]
[debug] [2021-08-26T16:32:02.465Z] >>> [apiv2][body] POST https://firebasehosting.googleapis.com/v1beta1/sites/to-do-544a7/versions/4724df182daadc0f:populateFiles {"files":{"/asset-manifest.json":"47659c1606afcb80bf33cb2e406120dae56ed1f2b5d2f51a929f1e8dae04c69f","/favicon.ico":"c599b7a91ab3627e3538125d9f40adc2d4bf949046984262670545dc7738af06","/index.html":"6e5a6a1f7fff897d3b913223d97ef7894d886dd53333027908aea6021fb0a9f0","/logo192.png":"76c449ccb9cd117c2f2338f091b18f7050f3210e249b2228f5c81b23f34377cd","/logo512.png":"7779210d56c1f3741e2e487799fe3092def4fa6ac450a60532b807c3a8971205","/manifest.json":"0958a5e0c831126100c8c2d06a6bbaa665a3900f21aaff4130238a6f5a113aa1","/robots.txt":"2544ca049f223a42bff01f72ad930a5edba75bbb7199d0f8430a02ff5aca16ec","/static/css/main.a3f54a10.chunk.css":"ea6a9ca8e4107c7a1b4efc29238b6674a009cce3489a166dcb7f9ed727d97ab5","/static/css/main.a3f54a10.chunk.css.map":"529baaab68d959f7ad47f7b8ea2688e03934f27a3654423ec92d9079585edcb4","/static/js/2.a5c8ea2c.chunk.js":"82b8e9a0a6f50228724aa97499f028db89b0137d23c483a3bec5324e20f816ee","/static/js/2.a5c8ea2c.chunk.js.LICENSE.txt":"be72517abac182035be2b31fb7c469fe80d473c04de5ba4ab6fe93acde73e0ff","/static/js/2.a5c8ea2c.chunk.js.map":"beec2f2ecc89faa8d14bb862b5ddfc0f524b03222b0e91a4e23196679951d806","/static/js/3.c1ff5ad1.chunk.js":"ce480e5c97f7804425299dec3d447ccfbe26e116687266a309a65b9d82f6e254","/static/js/3.c1ff5ad1.chunk.js.map":"c6f2324edabda8046f5bf06610a618f32f833a44ef706e25564d997ecc6caca2","/static/js/main.95524c47.chunk.js":"b4da71743eebc6770ff0984ed90ecbdafa378145cdbedec6d34152e47943ec4f","/static/js/main.95524c47.chunk.js.map":"9043e1c555b4d84c97345fee28c2c2ba6510caec2a35093a3561fe08cf847a62","/static/js/runtime-main.b8193edd.js":"00359518e2b191b2d937552899080900aeeafcbbdc550ec38a639ba6be3c291e","/static/js/runtime-main.b8193edd.js.map":"f5b91345d7330f9ae9816d3b37f0180664710683b37a985a9bcf27998be15146"}}
[debug] [2021-08-26T16:32:05.950Z] <<< [apiv2][status] POST https://firebasehosting.googleapis.com/v1beta1/sites/to-do-544a7/versions/4724df182daadc0f:populateFiles 200
[debug] [2021-08-26T16:32:05.950Z] <<< [apiv2][body] POST https://firebasehosting.googleapis.com/v1beta1/sites/to-do-544a7/versions/4724df182daadc0f:populateFiles {"uploadRequiredHashes":["beec2f2ecc89faa8d14bb862b5ddfc0f524b03222b0e91a4e23196679951d806"],"uploadUrl":"https://upload-firebasehosting.googleapis.com/upload/sites/to-do-544a7/versions/4724df182daadc0f/files"}
[debug] [2021-08-26T16:32:05.952Z] >>> [apiv2][query] POST https://upload-firebasehosting.googleapis.com/upload/sites/to-do-544a7/versions/4724df182daadc0f/files/beec2f2ecc89faa8d14bb862b5ddfc0f524b03222b0e91a4e23196679951d806 [none]
[debug] [2021-08-26T16:32:05.953Z] >>> [apiv2][body] POST https://upload-firebasehosting.googleapis.com/upload/sites/to-do-544a7/versions/4724df182daadc0f/files/beec2f2ecc89faa8d14bb862b5ddfc0f524b03222b0e91a4e23196679951d806 [stream]
[debug] [2021-08-26T16:32:05.955Z] [hosting][populate queue][FINAL] {"max":5916,"min":5916,"avg":5916,"active":0,"complete":1,"success":1,"errored":0,"retried":0,"total":1,"elapsed":5919}
[debug] [2021-08-26T16:32:05.956Z] [hosting] uploads queued: 1
[debug] [2021-08-26T16:33:35.319Z] [uploadQueue] Retrying task beec2f2ecc89faa8d14bb862b5ddfc0f524b03222b0e91a4e23196679951d806
[debug] [2021-08-26T16:33:35.321Z] >>> [apiv2][query] POST https://upload-firebasehosting.googleapis.com/upload/sites/to-do-544a7/versions/4724df182daadc0f/files/beec2f2ecc89faa8d14bb862b5ddfc0f524b03222b0e91a4e23196679951d806 [none]
[debug] [2021-08-26T16:33:35.321Z] >>> [apiv2][body] POST https://upload-firebasehosting.googleapis.com/upload/sites/to-do-544a7/versions/4724df182daadc0f/files/beec2f2ecc89faa8d14bb862b5ddfc0f524b03222b0e91a4e23196679951d806 [stream]
